10:50:31.342 INFO - Launching a standalone Selenium Server
10:50:31.376 INFO - Java: Oracle Corporation 24.85-b03
10:50:31.376 INFO - OS: Linux 4.2.0-17-generic amd64
10:50:31.397 INFO - v2.48.0, with Core v2.48.0. Built from revision 41bccdd
10:50:31.463 INFO - Driver provider org.openqa.selenium.ie.InternetExplorerDriver registration is skipped:
registration capabilities Capabilities [{platform=WINDOWS, ensureCleanSession=true, browserName=internet explorer, version=}] does not match the current platform LINUX
10:50:31.463 INFO - Driver provider org.openqa.selenium.edge.EdgeDriver registration is skipped:
registration capabilities Capabilities [{platform=WINDOWS, browserName=MicrosoftEdge, version=}] does not match the current platform LINUX
10:50:31.463 INFO - Driver class not found: com.opera.core.systems.OperaDriver
10:50:31.464 INFO - Driver provider com.opera.core.systems.OperaDriver is not registered
10:50:31.549 INFO - RemoteWebDriver instances should connect to: http://127.0.0.1:4444/wd/hub
10:50:31.549 INFO - Selenium Server is up and running
10:50:31.877 INFO - Executing: [new session: Capabilities [{platform=ANY, acceptSslCerts=true, javascriptEnabled=true, browserName=firefox, name=Body Compare}]])
10:50:31.887 INFO - Creating a new session for Capabilities [{platform=ANY, acceptSslCerts=true, javascriptEnabled=true, browserName=firefox, name=Body Compare}]
10:50:35.087 INFO - Done: [new session: Capabilities [{platform=ANY, acceptSslCerts=true, javascriptEnabled=true, browserName=firefox, name=Body Compare}]]
10:50:35.105 INFO - Executing: [get current url])
10:50:35.632 INFO - Done: [get current url]
10:50:35.663 INFO - Executing: [get current url])
10:50:36.597 INFO - Done: [get current url]
10:50:36.606 INFO - Executing: [delete session: 25975b71-da35-4b13-b103-46463dbfdcfd])
10:50:36.698 INFO - Done: [delete session: 25975b71-da35-4b13-b103-46463dbfdcfd]
10:50:36.832 INFO - Executing: [new session: Capabilities [{platform=ANY, acceptSslCerts=true, javascriptEnabled=true, browserName=firefox, name=Breadcrumb}]])
10:50:36.833 INFO - Creating a new session for Capabilities [{platform=ANY, acceptSslCerts=true, javascriptEnabled=true, browserName=firefox, name=Breadcrumb}]
10:50:39.022 INFO - Done: [new session: Capabilities [{platform=ANY, acceptSslCerts=true, javascriptEnabled=true, browserName=firefox, name=Breadcrumb}]]
10:50:39.025 INFO - Executing: [get current url])
10:50:39.871 INFO - Done: [get current url]
10:50:39.881 INFO - Executing: [get current url])
10:50:40.699 INFO - Done: [get current url]
10:50:40.711 INFO - Executing: [delete session: 08135fab-b12e-4a50-84a9-ba33ff193905])
10:50:40.814 INFO - Done: [delete session: 08135fab-b12e-4a50-84a9-ba33ff193905]
10:50:40.941 INFO - Executing: [new session: Capabilities [{platform=ANY, acceptSslCerts=true, javascriptEnabled=true, browserName=firefox, name=Listing}]])
10:50:40.944 INFO - Creating a new session for Capabilities [{platform=ANY, acceptSslCerts=true, javascriptEnabled=true, browserName=firefox, name=Listing}]
10:50:43.050 INFO - Done: [new session: Capabilities [{platform=ANY, acceptSslCerts=true, javascriptEnabled=true, browserName=firefox, name=Listing}]]
10:50:43.053 INFO - Executing: [get current url])
10:50:44.593 INFO - Done: [get current url]
10:50:44.597 INFO - Executing: [get current url])
10:50:44.604 INFO - Done: [get current url]
10:50:44.608 INFO - Executing: [delete session: 5b82b582-634d-4a75-9762-2a7261d4fea9])
10:50:44.682 INFO - Done: [delete session: 5b82b582-634d-4a75-9762-2a7261d4fea9]
10:50:44.801 INFO - Executing: [new session: Capabilities [{platform=ANY, acceptSslCerts=true, javascriptEnabled=true, browserName=firefox, name=Pagination}]])
10:50:44.803 INFO - Creating a new session for Capabilities [{platform=ANY, acceptSslCerts=true, javascriptEnabled=true, browserName=firefox, name=Pagination}]
10:50:46.840 INFO - Done: [new session: Capabilities [{platform=ANY, acceptSslCerts=true, javascriptEnabled=true, browserName=firefox, name=Pagination}]]
10:50:46.844 INFO - Executing: [get current url])
10:50:48.477 INFO - Done: [get current url]
10:50:48.481 INFO - Executing: [get current url])
10:50:48.491 INFO - Done: [get current url]
10:50:48.495 INFO - Executing: [delete session: 30e42195-8c5c-4eaa-b5b0-33e107c1ddf1])
10:50:48.578 INFO - Done: [delete session: 30e42195-8c5c-4eaa-b5b0-33e107c1ddf1]
10:50:48.706 INFO - Executing: [new session: Capabilities [{platform=ANY, acceptSslCerts=true, javascriptEnabled=true, browserName=firefox, name=Title Compare}]])
10:50:48.715 INFO - Creating a new session for Capabilities [{platform=ANY, acceptSslCerts=true, javascriptEnabled=true, browserName=firefox, name=Title Compare}]
10:50:50.752 INFO - Done: [new session: Capabilities [{platform=ANY, acceptSslCerts=true, javascriptEnabled=true, browserName=firefox, name=Title Compare}]]
10:50:50.756 INFO - Executing: [get current url])
10:50:52.362 INFO - Done: [get current url]
10:50:52.368 INFO - Executing: [get current url])
10:50:52.391 INFO - Done: [get current url]
10:50:52.398 INFO - Executing: [delete session: e3c7bfb1-0897-4306-9618-dad7624d075b])
10:50:52.500 INFO - Done: [delete session: e3c7bfb1-0897-4306-9618-dad7624d075b]
10:50:52.619 INFO - Executing: [new session: Capabilities [{platform=ANY, acceptSslCerts=true, javascriptEnabled=true, browserName=firefox, name=Validate No Report}]])
10:50:52.627 INFO - Creating a new session for Capabilities [{platform=ANY, acceptSslCerts=true, javascriptEnabled=true, browserName=firefox, name=Validate No Report}]
10:50:54.701 INFO - Done: [new session: Capabilities [{platform=ANY, acceptSslCerts=true, javascriptEnabled=true, browserName=firefox, name=Validate No Report}]]
10:50:54.705 INFO - Executing: [get: https://validator.w3.org/])
10:50:54.883 INFO - Done: [get: https://validator.w3.org/]
10:50:54.889 INFO - Executing: [find elements: By.xpath: //body])
10:50:56.881 INFO - Done: [find elements: By.xpath: //body]
10:50:56.886 INFO - Executing: [is displayed: 0 [[FirefoxDriver: firefox on LINUX (ae5eb158-bd50-4ec7-8446-5a0614695f8f)] -> xpath: //body]])
10:50:56.900 INFO - Done: [is displayed: 0 [[FirefoxDriver: firefox on LINUX (ae5eb158-bd50-4ec7-8446-5a0614695f8f)] -> xpath: //body]]
10:50:56.909 INFO - Executing: [find element: By.xpath: //input[@type='text']])
10:50:56.948 INFO - Done: [find element: By.xpath: //input[@type='text']]
10:50:56.952 INFO - Executing: [send keys: 1 [[FirefoxDriver: firefox on LINUX (ae5eb158-bd50-4ec7-8446-5a0614695f8f)] -> xpath: //input[@type='text']], [u, n, d, e, f, i, n, e, d]])
10:50:57.044 INFO - Done: [send keys: 1 [[FirefoxDriver: firefox on LINUX (ae5eb158-bd50-4ec7-8446-5a0614695f8f)] -> xpath: //input[@type='text']], [u, n, d, e, f, i, n, e, d]]
10:50:57.058 INFO - Executing: [find elements: By.xpath: //a[@class='submit']])
10:50:57.091 INFO - Done: [find elements: By.xpath: //a[@class='submit']]
10:50:57.094 INFO - Executing: [is displayed: 2 [[FirefoxDriver: firefox on LINUX (ae5eb158-bd50-4ec7-8446-5a0614695f8f)] -> xpath: //a[@class='submit']]])
10:50:57.184 INFO - Done: [is displayed: 2 [[FirefoxDriver: firefox on LINUX (ae5eb158-bd50-4ec7-8446-5a0614695f8f)] -> xpath: //a[@class='submit']]]
10:50:57.193 INFO - Executing: [find element: By.xpath: //a[@class='submit']])
10:50:57.220 INFO - Done: [find element: By.xpath: //a[@class='submit']]
10:50:57.227 INFO - Executing: [click: 2 [[FirefoxDriver: firefox on LINUX (ae5eb158-bd50-4ec7-8446-5a0614695f8f)] -> xpath: //a[@class='submit']]])
10:50:57.338 INFO - Done: [click: 2 [[FirefoxDriver: firefox on LINUX (ae5eb158-bd50-4ec7-8446-5a0614695f8f)] -> xpath: //a[@class='submit']]]
10:50:58.345 INFO - Executing: [find elements: By.xpath: //body])
10:50:58.581 INFO - Done: [find elements: By.xpath: //body]
10:50:58.584 INFO - Executing: [is displayed: 5 [[FirefoxDriver: firefox on LINUX (ae5eb158-bd50-4ec7-8446-5a0614695f8f)] -> xpath: //body]])
10:50:58.603 INFO - Done: [is displayed: 5 [[FirefoxDriver: firefox on LINUX (ae5eb158-bd50-4ec7-8446-5a0614695f8f)] -> xpath: //body]]
10:50:58.624 INFO - Executing: [execute script: var passedArgs = Array.prototype.slice.call(arguments,0); return function () {
        return document.querySelectorAll('.error').length;
      }.apply(window, passedArgs);, []])
10:50:58.641 INFO - Done: [execute script: var passedArgs = Array.prototype.slice.call(arguments,0); return function () {
        return document.querySelectorAll('.error').length;
      }.apply(window, passedArgs);, []]
10:50:58.644 INFO - Executing: [delete session: b8b7244e-ede0-40d2-8da2-4eebbc2d149d])
10:50:58.735 INFO - Done: [delete session: b8b7244e-ede0-40d2-8da2-4eebbc2d149d]
10:50:58.858 INFO - Executing: [new session: Capabilities [{platform=ANY, acceptSslCerts=true, javascriptEnabled=true, browserName=firefox, name=Validate}]])
10:50:58.864 INFO - Creating a new session for Capabilities [{platform=ANY, acceptSslCerts=true, javascriptEnabled=true, browserName=firefox, name=Validate}]
10:51:00.951 INFO - Done: [new session: Capabilities [{platform=ANY, acceptSslCerts=true, javascriptEnabled=true, browserName=firefox, name=Validate}]]
10:51:00.964 INFO - Executing: [get: https://validator.w3.org/])
10:51:01.195 INFO - Done: [get: https://validator.w3.org/]
10:51:01.199 INFO - Executing: [find elements: By.xpath: //body])
10:51:02.274 INFO - Done: [find elements: By.xpath: //body]
10:51:02.283 INFO - Executing: [is displayed: 0 [[FirefoxDriver: firefox on LINUX (037e29f6-7720-4618-8cbc-9121362b8a10)] -> xpath: //body]])
10:51:02.301 INFO - Done: [is displayed: 0 [[FirefoxDriver: firefox on LINUX (037e29f6-7720-4618-8cbc-9121362b8a10)] -> xpath: //body]]
10:51:02.309 INFO - Executing: [find element: By.xpath: //input[@type='text']])
10:51:02.337 INFO - Done: [find element: By.xpath: //input[@type='text']]
10:51:02.345 INFO - Executing: [send keys: 1 [[FirefoxDriver: firefox on LINUX (037e29f6-7720-4618-8cbc-9121362b8a10)] -> xpath: //input[@type='text']], [u, n, d, e, f, i, n, e, d]])
10:51:02.426 INFO - Done: [send keys: 1 [[FirefoxDriver: firefox on LINUX (037e29f6-7720-4618-8cbc-9121362b8a10)] -> xpath: //input[@type='text']], [u, n, d, e, f, i, n, e, d]]
10:51:02.438 INFO - Executing: [find elements: By.xpath: //a[@class='submit']])
10:51:02.461 INFO - Done: [find elements: By.xpath: //a[@class='submit']]
10:51:02.464 INFO - Executing: [is displayed: 2 [[FirefoxDriver: firefox on LINUX (037e29f6-7720-4618-8cbc-9121362b8a10)] -> xpath: //a[@class='submit']]])
10:51:02.555 INFO - Done: [is displayed: 2 [[FirefoxDriver: firefox on LINUX (037e29f6-7720-4618-8cbc-9121362b8a10)] -> xpath: //a[@class='submit']]]
10:51:02.564 INFO - Executing: [find element: By.xpath: //a[@class='submit']])
10:51:02.591 INFO - Done: [find element: By.xpath: //a[@class='submit']]
10:51:02.595 INFO - Executing: [click: 2 [[FirefoxDriver: firefox on LINUX (037e29f6-7720-4618-8cbc-9121362b8a10)] -> xpath: //a[@class='submit']]])
10:51:02.719 INFO - Done: [click: 2 [[FirefoxDriver: firefox on LINUX (037e29f6-7720-4618-8cbc-9121362b8a10)] -> xpath: //a[@class='submit']]]
10:51:03.724 INFO - Executing: [find elements: By.xpath: //body])
10:51:03.736 INFO - Done: [find elements: By.xpath: //body]
10:51:03.739 INFO - Executing: [is displayed: 5 [[FirefoxDriver: firefox on LINUX (037e29f6-7720-4618-8cbc-9121362b8a10)] -> xpath: //body]])
10:51:03.748 INFO - Done: [is displayed: 5 [[FirefoxDriver: firefox on LINUX (037e29f6-7720-4618-8cbc-9121362b8a10)] -> xpath: //body]]
10:51:03.753 INFO - Executing: [execute script: var passedArgs = Array.prototype.slice.call(arguments,0); return function () {
        return document.querySelectorAll('.error').length;
      }.apply(window, passedArgs);, []])
10:51:03.763 INFO - Done: [execute script: var passedArgs = Array.prototype.slice.call(arguments,0); return function () {
        return document.querySelectorAll('.error').length;
      }.apply(window, passedArgs);, []]
10:51:03.769 INFO - Executing: [delete session: a4dd4a9c-3dc0-4d06-a2ef-2128ef119b49])
10:51:03.854 INFO - Done: [delete session: a4dd4a9c-3dc0-4d06-a2ef-2128ef119b49]
